<?xml version="1.0" encoding="UTF-8"?>
<testsuite xmlns:xsi="http://www.w3.org/2001/XMLSchema-instance" xsi:noNamespaceSchemaLocation="https://maven.apache.org/surefire/maven-surefire-plugin/xsd/surefire-test-report-3.0.xsd" version="3.0" name="com.vora.reservation.ReservationServiceApplicationTests" time="25.235" tests="2" errors="0" skipped="0" failures="0">
  <properties>
[...]
</properties>
  <testcase name="contextLoads" classname="com.vora.reservation.ReservationServiceApplicationTests" time="0.331">
    <system-out><![CDATA[16:25:40.944 [main] INFO org.testcontainers.images.PullPolicy -- Image pull policy will be performed by: DefaultPullPolicy()
16:25:40.947 [main] INFO org.testcontainers.utility.ImageNameSubstitutor -- Image name substitution will be performed by: DefaultImageNameSubstitutor (composite of 'ConfigurationFileImageNameSubstitutor' and 'PrefixingImageNameSubstitutor')
16:25:40.960 [main] INFO org.testcontainers.DockerClientFactory -- Testcontainers version: 1.21.4
16:25:41.044 [main] INFO org.testcontainers.dockerclient.DockerClientProviderStrategy -- Loaded org.testcontainers.dockerclient.UnixSocketClientProviderStrategy from ~/.testcontainers.properties, will try it first
16:25:41.191 [main] INFO org.testcontainers.dockerclient.DockerClientProviderStrategy -- Found Docker environment with local Unix socket (unix:///var/run/docker.sock)
16:25:41.192 [main] INFO org.testcontainers.DockerClientFactory -- Docker host IP address is localhost
16:25:41.202 [main] INFO org.testcontainers.DockerClientFactory -- Connected to docker: 
  Server Version: 29.6.1
  API Version: 1.55
  Operating System: Ubuntu Core 24
  Total Memory: 15674 MB
16:25:41.218 [main] INFO tc.testcontainers/ryuk:0.12.0 -- Creating container for image: testcontainers/ryuk:0.12.0
16:25:41.221 [main] INFO org.testcontainers.utility.RegistryAuthLocator -- Failure when attempting to lookup auth config. Please ignore if you don't have images in an authenticated registry. Details: (dockerImageName: testcontainers/ryuk:0.12.0, configFile: /home/antoninmassem/.docker/config.json, configEnv: DOCKER_AUTH_CONFIG). Falling back to docker-java default behaviour. Exception message: Status 404: No config supplied. Checked in order: /home/antoninmassem/.docker/config.json (file not found), DOCKER_AUTH_CONFIG (not set)
16:25:43.266 [main] INFO tc.testcontainers/ryuk:0.12.0 -- Container testcontainers/ryuk:0.12.0 is starting: f9c2d76c5b7ed7dd32c9dc864c321403afae08b4cb9b4f80d870a9568f813472
16:25:45.538 [main] INFO tc.testcontainers/ryuk:0.12.0 -- Container testcontainers/ryuk:0.12.0 started in PT4.320212735S
16:25:45.542 [main] INFO org.testcontainers.utility.RyukResourceReaper -- Ryuk started - will monitor and terminate Testcontainers containers on JVM exit
16:25:45.542 [main] INFO org.testcontainers.DockerClientFactory -- Checking the system...
16:25:45.542 [main] INFO org.testcontainers.DockerClientFactory -- ✔︎ Docker server version should be at least 1.6.0
16:25:45.543 [main] INFO tc.postgres:16-alpine -- Creating container for image: postgres:16-alpine
16:25:46.711 [main] INFO tc.postgres:16-alpine -- Container postgres:16-alpine is starting: 44953a67fe4425c4608d170f138f4d9711c3f61aa83b9c9859adf7523c179f25
16:25:58.346 [main] INFO tc.postgres:16-alpine -- Container postgres:16-alpine started in PT12.802887747S
16:25:58.347 [main] INFO tc.postgres:16-alpine -- Container is started (JDBC URL: jdbc:postgresql://localhost:32783/vora?loggerLevel=OFF)
16:25:58.354 [main] INFO org.testcontainers.ext.ScriptUtils -- Executing database script from db/users-stub.sql
16:25:58.455 [main] INFO org.testcontainers.ext.ScriptUtils -- Executed database script from db/users-stub.sql in 100 ms.
16:25:58.504 [main] INFO org.springframework.test.context.support.AnnotationConfigContextLoaderUtils -- Could not detect default configuration classes for test class [com.vora.reservation.ReservationServiceApplicationTests]: ReservationServiceApplicationTests does not declare any static, non-private, non-final, nested classes annotated with @Configuration.
16:25:58.549 [main] INFO org.springframework.boot.test.context.SpringBootTestContextBootstrapper -- Found @SpringBootConfiguration com.vora.reservation.ReservationServiceApplication for test class com.vora.reservation.ReservationServiceApplicationTests

  .   ____          _            __ _ _
 /\\ / ___'_ __ _ _(_)_ __  __ _ \ \ \ \
( ( )\___ | '_ | '_| | '_ \/ _` | \ \ \ \
 \\/  ___)| |_)| | | | | || (_| |  ) ) ) )
  '  |____| .__|_| |_|_| |_\__, | / / / /
 =========|_|==============|___/=/_/_/_/

 :: Spring Boot ::                (v3.3.4)

2026-09-06T16:25:58.754+01:00  INFO 100185 --- [vora-reservation-service] [           main] c.v.r.ReservationServiceApplicationTests : Starting ReservationServiceApplicationTests using Java 17.0.20 with PID 100185 (started by antoninmassem in /home/antoninmassem/Vidéos/vora-reservation-service/vora-reservation-service)
2026-09-06T16:25:58.754+01:00  INFO 100185 --- [vora-reservation-service] [           main] c.v.r.ReservationServiceApplicationTests : No active profile set, falling back to 1 default profile: "default"
2026-09-06T16:25:59.311+01:00  INFO 100185 --- [vora-reservation-service] [           main] .s.d.r.c.RepositoryConfigurationDelegate : Bootstrapping Spring Data JPA repositories in DEFAULT mode.
2026-09-06T16:25:59.345+01:00  INFO 100185 --- [vora-reservation-service] [           main] .s.d.r.c.RepositoryConfigurationDelegate : Finished Spring Data repository scanning in 30 ms. Found 4 JPA repository interfaces.
2026-09-06T16:25:59.736+01:00  INFO 100185 --- [vora-reservation-service] [           main] com.zaxxer.hikari.HikariDataSource       : HikariPool-1 - Starting...
2026-09-06T16:25:59.754+01:00  INFO 100185 --- [vora-reservation-service] [           main] com.zaxxer.hikari.pool.HikariPool        : HikariPool-1 - Added connection org.postgresql.jdbc.PgConnection@87fc0fc
2026-09-06T16:25:59.755+01:00  INFO 100185 --- [vora-reservation-service] [           main] com.zaxxer.hikari.HikariDataSource       : HikariPool-1 - Start completed.
2026-09-06T16:25:59.772+01:00  INFO 100185 --- [vora-reservation-service] [           main] org.flywaydb.core.FlywayExecutor         : Database: jdbc:postgresql://localhost:32783/vora (PostgreSQL 16.13)
2026-09-06T16:25:59.793+01:00  INFO 100185 --- [vora-reservation-service] [           main] o.f.c.i.s.JdbcTableSchemaHistory         : Schema history table "public"."flyway_schema_history" does not exist yet
2026-09-06T16:25:59.795+01:00  INFO 100185 --- [vora-reservation-service] [           main] o.f.core.internal.command.DbValidate     : Successfully validated 1 migration (execution time 00:00.010s)
2026-09-06T16:25:59.806+01:00  INFO 100185 --- [vora-reservation-service] [           main] o.f.c.i.s.JdbcTableSchemaHistory         : Creating Schema History table "public"."flyway_schema_history" with baseline ...
2026-09-06T16:25:59.828+01:00  INFO 100185 --- [vora-reservation-service] [           main] o.f.core.internal.command.DbBaseline     : Successfully baselined schema with version: 0
2026-09-06T16:25:59.850+01:00  INFO 100185 --- [vora-reservation-service] [           main] o.f.core.internal.command.DbMigrate      : Current version of schema "public": 0
2026-09-06T16:25:59.866+01:00  INFO 100185 --- [vora-reservation-service] [           main] o.f.core.internal.command.DbMigrate      : Migrating schema "public" to version "1 - init schema"
2026-09-06T16:26:00.153+01:00  INFO 100185 --- [vora-reservation-service] [           main] o.f.core.internal.command.DbMigrate      : Successfully applied 1 migration to schema "public", now at version v1 (execution time 00:00.282s)
2026-09-06T16:26:00.206+01:00  INFO 100185 --- [vora-reservation-service] [           main] o.hibernate.jpa.internal.util.LogHelper  : HHH000204: Processing PersistenceUnitInfo [name: default]
2026-09-06T16:26:00.230+01:00  INFO 100185 --- [vora-reservation-service] [           main] org.hibernate.Version                    : HHH000412: Hibernate ORM core version 6.5.3.Final
2026-09-06T16:26:00.247+01:00  INFO 100185 --- [vora-reservation-service] [           main] o.h.c.internal.RegionFactoryInitiator    : HHH000026: Second-level cache disabled
2026-09-06T16:26:00.386+01:00  INFO 100185 --- [vora-reservation-service] [           main] o.s.o.j.p.SpringPersistenceUnitInfo      : No LoadTimeWeaver setup: ignoring JPA class transformer
2026-09-06T16:26:00.906+01:00  INFO 100185 --- [vora-reservation-service] [           main] o.h.e.t.j.p.i.JtaPlatformInitiator       : HHH000489: No JTA platform available (set 'hibernate.transaction.jta.platform' to enable JTA platform integration)
2026-09-06T16:26:00.927+01:00  INFO 100185 --- [vora-reservation-service] [           main] j.LocalContainerEntityManagerFactoryBean : Initialized JPA EntityManagerFactory for persistence unit 'default'
2026-09-06T16:26:01.095+01:00  INFO 100185 --- [vora-reservation-service] [           main] o.s.d.j.r.query.QueryEnhancerFactory     : Hibernate is in classpath; If applicable, HQL parser will be used.
2026-09-06T16:26:01.660+01:00  WARN 100185 --- [vora-reservation-service] [           main] .s.s.UserDetailsServiceAutoConfiguration : 

Using generated security password: 2d13637a-3f4a-4b11-9ed6-060d77b48edc

This generated password is for development use only. Your security configuration must be updated before running your application in production.

2026-09-06T16:26:01.668+01:00  INFO 100185 --- [vora-reservation-service] [           main] r$InitializeUserDetailsManagerConfigurer : Global AuthenticationManager configured with UserDetailsService bean with name inMemoryUserDetailsManager
2026-09-06T16:26:01.853+01:00  INFO 100185 --- [vora-reservation-service] [           main] o.s.b.a.e.web.EndpointLinksResolver      : Exposing 2 endpoints beneath base path '/actuator'
2026-09-06T16:26:02.312+01:00  INFO 100185 --- [vora-reservation-service] [           main] o.s.m.s.b.SimpleBrokerMessageHandler     : Starting...
2026-09-06T16:26:02.312+01:00  INFO 100185 --- [vora-reservation-service] [           main] o.s.m.s.b.SimpleBrokerMessageHandler     : BrokerAvailabilityEvent[available=true, SimpleBrokerMessageHandler [org.springframework.messaging.simp.broker.DefaultSubscriptionRegistry@688d3e2a]]
2026-09-06T16:26:02.313+01:00  INFO 100185 --- [vora-reservation-service] [           main] o.s.m.s.b.SimpleBrokerMessageHandler     : Started.
2026-09-06T16:26:02.326+01:00  INFO 100185 --- [vora-reservation-service] [           main] c.v.r.ReservationServiceApplicationTests : Started ReservationServiceApplicationTests in 3.711 seconds (process running for 21.781)
]]></system-out>
  </testcase>
  <testcase name="shouldPersistTurnAndReservation" classname="com.vora.reservation.ReservationServiceApplicationTests" time="0.112"/>
</testsuite>